<?xml version="1.0" encoding="UTF-8"?>
<testsuite name="utils.PriceCalculatorTest" tests="1" skipped="0" failures="0" errors="0" timestamp="2023-10-27T13:51:30" hostname="AR0C02FD175Q05N" time="0.041">
  <properties/>
  <testcase name="calculate_total_price_nakama_not_weekend_should_return_total_price()" classname="utils.PriceCalculatorTest" time="0.041"/>
  <system-out><![CDATA[]]></system-out>
  <system-err><![CDATA[]]></system-err>
</testsuite>
